  ViewManager.cpp
d:\shaderbook\frameworks\tinyframeworkexample\source\viewmanager.cpp(134): warning C4244: '引數': 將 'float' 轉換為 'int'，由於類型不同，可能導致資料遺失
d:\shaderbook\frameworks\tinyframeworkexample\source\viewmanager.cpp(139): warning C4244: '引數': 將 'float' 轉換為 'int'，由於類型不同，可能導致資料遺失
d:\shaderbook\frameworks\tinyframeworkexample\source\viewmanager.cpp(283): warning C4244: '=': 將 'int' 轉換為 'float'，由於類型不同，可能導致資料遺失
  tiny_obj_loader.cpp
d:\shaderbook\frameworks\tinyframeworkexample\source\tiny_obj_loader.cpp(951): warning C4996: 'sscanf': This function or variable may be unsafe. Consider using sscanf_s instead. To disable deprecation, use _CRT_SECURE_NO_WARNINGS. See online help for details.
  c:\program files (x86)\windows kits\10\include\10.0.10240.0\ucrt\stdio.h(2254): note: 請參閱 'sscanf' 的宣告
d:\shaderbook\frameworks\tinyframeworkexample\source\tiny_obj_loader.cpp(975): warning C4996: 'sscanf': This function or variable may be unsafe. Consider using sscanf_s instead. To disable deprecation, use _CRT_SECURE_NO_WARNINGS. See online help for details.
  c:\program files (x86)\windows kits\10\include\10.0.10240.0\ucrt\stdio.h(2254): note: 請參閱 'sscanf' 的宣告
  main.cpp
d:\shaderbook\frameworks\tinyframeworkexample\source\main.cpp(59): warning C4018: '<': signed/unsigned 不相符
d:\shaderbook\frameworks\tinyframeworkexample\source\main.cpp(162): warning C4244: '正在初始化': 將 'double' 轉換為 'GLfloat'，由於類型不同，可能導致資料遺失
  Common.cpp
d:\shaderbook\frameworks\tinyframeworkexample\source\common.cpp(83): warning C4018: '<': signed/unsigned 不相符
d:\shaderbook\frameworks\tinyframeworkexample\source\common.cpp(85): warning C4018: '<': signed/unsigned 不相符
d:\shaderbook\frameworks\tinyframeworkexample\source\common.cpp(100): warning C4996: 'fopen': This function or variable may be unsafe. Consider using fopen_s instead. To disable deprecation, use _CRT_SECURE_NO_WARNINGS. See online help for details.
  c:\program files (x86)\windows kits\10\include\10.0.10240.0\ucrt\stdio.h(205): note: 請參閱 'fopen' 的宣告
  正在產生程式碼...
  LINK : 最後的累加連結找不到或未建置 D:\ShaderBook\Frameworks\TinyFrameworkExample\VC14\Quiz Framework\Debug\Quiz Framework.exe，正在執行完整連結
  Quiz Framework.vcxproj -> D:\ShaderBook\Frameworks\TinyFrameworkExample\VC14\Quiz Framework\Debug\Quiz Framework.exe
  Quiz Framework.vcxproj -> D:\ShaderBook\Frameworks\TinyFrameworkExample\VC14\Quiz Framework\Debug\Quiz Framework.pdb (Full PDB)
