C:\Program Files (x86)\Microsoft Visual Studio\2017\Community\Common7\IDE\VC\VCTargets\Microsoft.CppBuild.targets(377,5): warning MSB8004: Output 目錄結尾不是結尾斜線。這個建置執行個體將會加入此斜線，因為這樣才能正確評估 Output 目錄。
  Common.cpp
  CubemapShader.cpp
d:\c++\quiz\new project1\source\cubemap\cubemapshader.h(10): warning C4091: 'typedef ': 當沒有宣告變數時，忽略 'CubemapTexture' 的左方
  DrawModelShader.cpp
  FrameBufferShader.cpp
  Light.cpp
d:\c++\quiz\new project1\source\cubemap\light.cpp(53): warning C4305: '引數': 從 'double' 轉換為 'const T'，是由較大的類型轉換為較小的類型，可能導致資料遺失
          with
          [
              T=float
          ]
d:\c++\quiz\new project1\source\cubemap\light.cpp(53): warning C4305: '正在初始化': 從 'double' 轉換為 'float'，是由較大的類型轉換為較小的類型，可能導致資料遺失
  main.cpp
d:\c++\quiz\new project1\source\cubemap\cubemapshader.h(10): warning C4091: 'typedef ': 當沒有宣告變數時，忽略 'CubemapTexture' 的左方
d:\c++\quiz\new project1\source\cubemap\main.cpp(357): warning C4101: 'f': 未參考的區域變數
d:\c++\quiz\new project1\source\cubemap\main.cpp(358): warning C4101: 'i': 未參考的區域變數
d:\c++\quiz\new project1\source\cubemap\main.cpp(504): warning C4101: 'i': 未參考的區域變數
d:\c++\quiz\new project1\source\cubemap\main.cpp(680): warning C4305: '=': 從 'double' 轉換為 'float'，是由較大的類型轉換為較小的類型，可能導致資料遺失
d:\c++\quiz\new project1\source\cubemap\main.cpp(683): warning C4244: '=': 將 'double' 轉換為 'float'，由於類型不同，可能導致資料遺失
d:\c++\quiz\new project1\source\cubemap\main.cpp(670): warning C4101: 'i': 未參考的區域變數
d:\c++\quiz\new project1\source\cubemap\main.cpp(864): warning C4101: 'f': 未參考的區域變數
d:\c++\quiz\new project1\source\cubemap\main.cpp(865): warning C4101: 'i': 未參考的區域變數
d:\c++\quiz\new project1\source\cubemap\main.cpp(1091): warning C4244: '=': 將 'double' 轉換為 'float'，由於類型不同，可能導致資料遺失
d:\c++\quiz\new project1\source\cubemap\main.cpp(1021): warning C4101: 'i': 未參考的區域變數
d:\c++\quiz\new project1\source\cubemap\main.cpp(1020): warning C4101: 'f3': 未參考的區域變數
d:\c++\quiz\new project1\source\cubemap\main.cpp(1187): warning C4101: 'i': 未參考的區域變數
d:\c++\quiz\new project1\source\cubemap\main.cpp(1495): warning C4244: '=': 將 'double' 轉換為 'float'，由於類型不同，可能導致資料遺失
d:\c++\quiz\new project1\source\cubemap\main.cpp(1353): warning C4101: 'f2': 未參考的區域變數
d:\c++\quiz\new project1\source\cubemap\main.cpp(1354): warning C4101: 'i': 未參考的區域變數
d:\c++\quiz\new project1\source\cubemap\main.cpp(1353): warning C4101: 'f3': 未參考的區域變數
d:\c++\quiz\new project1\source\cubemap\main.cpp(1596): warning C4244: '=': 將 'double' 轉換為 'float'，由於類型不同，可能導致資料遺失
d:\c++\quiz\new project1\source\cubemap\main.cpp(1521): warning C4101: 'i': 未參考的區域變數
d:\c++\quiz\new project1\source\cubemap\main.cpp(1703): warning C4305: '=': 從 'double' 轉換為 'float'，是由較大的類型轉換為較小的類型，可能導致資料遺失
d:\c++\quiz\new project1\source\cubemap\main.cpp(1707): warning C4305: '=': 從 'double' 轉換為 'float'，是由較大的類型轉換為較小的類型，可能導致資料遺失
d:\c++\quiz\new project1\source\cubemap\main.cpp(1693): warning C4101: 'f': 未參考的區域變數
d:\c++\quiz\new project1\source\cubemap\main.cpp(1694): warning C4101: 'i': 未參考的區域變數
d:\c++\quiz\new project1\source\cubemap\main.cpp(1918): warning C4101: 'i': 未參考的區域變數
d:\c++\quiz\new project1\source\cubemap\main.cpp(2102): warning C4244: '正在初始化': 將 'double' 轉換為 'float'，由於類型不同，可能導致資料遺失
d:\c++\quiz\new project1\source\cubemap\main.cpp(2104): warning C4244: '正在初始化': 將 'double' 轉換為 'float'，由於類型不同，可能導致資料遺失
d:\c++\quiz\new project1\source\cubemap\main.cpp(2114): warning C4244: '引數': 將 'float' 轉換為 'int'，由於類型不同，可能導致資料遺失
d:\c++\quiz\new project1\source\cubemap\main.cpp(2135): warning C4244: '正在初始化': 將 'int' 轉換為 'float'，由於類型不同，可能導致資料遺失
d:\c++\quiz\new project1\source\cubemap\main.cpp(2143): warning C4244: '=': 將 'float' 轉換為 'int'，由於類型不同，可能導致資料遺失
d:\c++\quiz\new project1\source\cubemap\main.cpp(2200): warning C4244: '=': 將 'float' 轉換為 'int'，由於類型不同，可能導致資料遺失
d:\c++\quiz\new project1\source\cubemap\main.cpp(2313): warning C4244: '=': 將 'int' 轉換為 'float'，由於類型不同，可能導致資料遺失
d:\c++\quiz\new project1\source\cubemap\main.cpp(2314): warning C4244: '=': 將 'int' 轉換為 'float'，由於類型不同，可能導致資料遺失
  MyModel.cpp
d:\c++\quiz\new project1\source\cubemap\mymodel.cpp(29): warning C4477: 'printf' : 格式字串 '%d' 需要 'int' 類型的引數，但 variadic 引數 1 的類型為 'unsigned __int64'
  d:\c++\quiz\new project1\source\cubemap\mymodel.cpp(29): note: 請考慮在格式字串中使用 '%zd'
d:\c++\quiz\new project1\source\cubemap\mymodel.cpp(29): warning C4477: 'printf' : 格式字串 '%d' 需要 'int' 類型的引數，但 variadic 引數 2 的類型為 'unsigned __int64'
  d:\c++\quiz\new project1\source\cubemap\mymodel.cpp(29): note: 請考慮在格式字串中使用 '%zd'
d:\c++\quiz\new project1\source\cubemap\mymodel.cpp(38): warning C4267: '+=': 將 'size_t' 轉換為 'unsigned int'，資料可能遺失
d:\c++\quiz\new project1\source\cubemap\mymodel.cpp(39): warning C4267: '+=': 將 'size_t' 轉換為 'unsigned int'，資料可能遺失
d:\c++\quiz\new project1\source\cubemap\mymodel.cpp(54): warning C4267: '+=': 將 'size_t' 轉換為 'unsigned int'，資料可能遺失
d:\c++\quiz\new project1\source\cubemap\mymodel.cpp(69): warning C4267: '+=': 將 'size_t' 轉換為 'unsigned int'，資料可能遺失
d:\c++\quiz\new project1\source\cubemap\mymodel.cpp(83): warning C4267: '+=': 將 'size_t' 轉換為 'unsigned int'，資料可能遺失
d:\c++\quiz\new project1\source\cubemap\mymodel.cpp(109): warning C4477: 'printf' : 格式字串 '%d' 需要 'int' 類型的引數，但 variadic 引數 1 的類型為 'unsigned __int64'
  d:\c++\quiz\new project1\source\cubemap\mymodel.cpp(109): note: 請考慮在格式字串中使用 '%zd'
d:\c++\quiz\new project1\source\cubemap\mymodel.cpp(109): warning C4477: 'printf' : 格式字串 '%d' 需要 'int' 類型的引數，但 variadic 引數 2 的類型為 'unsigned __int64'
  d:\c++\quiz\new project1\source\cubemap\mymodel.cpp(109): note: 請考慮在格式字串中使用 '%zd'
d:\c++\quiz\new project1\source\cubemap\mymodel.cpp(118): warning C4267: '+=': 將 'size_t' 轉換為 'unsigned int'，資料可能遺失
d:\c++\quiz\new project1\source\cubemap\mymodel.cpp(119): warning C4267: '+=': 將 'size_t' 轉換為 'unsigned int'，資料可能遺失
d:\c++\quiz\new project1\source\cubemap\mymodel.cpp(134): warning C4267: '+=': 將 'size_t' 轉換為 'unsigned int'，資料可能遺失
d:\c++\quiz\new project1\source\cubemap\mymodel.cpp(148): warning C4267: '+=': 將 'size_t' 轉換為 'unsigned int'，資料可能遺失
d:\c++\quiz\new project1\source\cubemap\mymodel.cpp(179): warning C4267: '+=': 將 'size_t' 轉換為 'unsigned int'，資料可能遺失
  Shader.cpp
  ResourcePath.cpp
  ShaderObject.cpp
  tiny_obj_loader.cpp
  ViewManager.cpp
d:\c++\quiz\new project1\source\viewmanager.cpp(134): warning C4244: '引數': 將 'float' 轉換為 'int'，由於類型不同，可能導致資料遺失
d:\c++\quiz\new project1\source\viewmanager.cpp(139): warning C4244: '引數': 將 'float' 轉換為 'int'，由於類型不同，可能導致資料遺失
d:\c++\quiz\new project1\source\viewmanager.cpp(283): warning C4244: '=': 將 'int' 轉換為 'float'，由於類型不同，可能導致資料遺失
Common.obj : error LNK2001: 無法解析的外部符號 __imp___glewGetShaderiv
Common.obj : error LNK2001: 無法解析的外部符號 __imp___glewGetShaderInfoLog
Common.obj : error LNK2001: 無法解析的外部符號 __imp___glewGetProgramiv
Common.obj : error LNK2001: 無法解析的外部符號 __imp___glewCheckFramebufferStatus
Common.obj : error LNK2001: 無法解析的外部符號 __imp___glewGetProgramInfoLog
CubemapShader.obj : error LNK2001: 無法解析的外部符號 __imp___glewEnableVertexAttribArray
CubemapShader.obj : error LNK2001: 無法解析的外部符號 __imp___glewBindVertexArray
CubemapShader.obj : error LNK2001: 無法解析的外部符號 __imp___glewVertexAttribPointer
CubemapShader.obj : error LNK2001: 無法解析的外部符號 __imp___glewBindBuffer
CubemapShader.obj : error LNK2001: 無法解析的外部符號 __imp___glewBufferData
CubemapShader.obj : error LNK2001: 無法解析的外部符號 __imp___glewActiveTexture
CubemapShader.obj : error LNK2001: 無法解析的外部符號 __imp___glewGenVertexArrays
CubemapShader.obj : error LNK2001: 無法解析的外部符號 __imp___glewUniformMatrix4fv
CubemapShader.obj : error LNK2001: 無法解析的外部符號 __imp___glewGenBuffers
CubemapShader.obj : error LNK2001: 無法解析的外部符號 __imp___glewGenerateMipmap
DrawModelShader.obj : error LNK2001: 無法解析的外部符號 __imp___glewUniformMatrix3fv
DrawModelShader.obj : error LNK2001: 無法解析的外部符號 __imp___glewUniform2fv
DrawModelShader.obj : error LNK2001: 無法解析的外部符號 __imp___glewUniform1i
DrawModelShader.obj : error LNK2001: 無法解析的外部符號 __imp___glewUniform1f
DrawModelShader.obj : error LNK2001: 無法解析的外部符號 __imp___glewGetUniformLocation
DrawModelShader.obj : error LNK2001: 無法解析的外部符號 __imp___glewUniform4fv
DrawModelShader.obj : error LNK2001: 無法解析的外部符號 __imp___glewUniform3fv
FrameBufferShader.obj : error LNK2001: 無法解析的外部符號 __imp___glewFramebufferTexture2D
FrameBufferShader.obj : error LNK2001: 無法解析的外部符號 __imp___glewRenderbufferStorage
FrameBufferShader.obj : error LNK2001: 無法解析的外部符號 __imp___glewFramebufferRenderbuffer
FrameBufferShader.obj : error LNK2001: 無法解析的外部符號 __imp___glewGenFramebuffers
FrameBufferShader.obj : error LNK2001: 無法解析的外部符號 __imp___glewBindRenderbuffer
FrameBufferShader.obj : error LNK2001: 無法解析的外部符號 __imp___glewBindFramebuffer
FrameBufferShader.obj : error LNK2001: 無法解析的外部符號 __imp___glewGenRenderbuffers
main.obj : error LNK2001: 無法解析的外部符號 __imp_glutPassiveMotionFunc
main.obj : error LNK2001: 無法解析的外部符號 __imp_glutReshapeFunc
main.obj : error LNK2001: 無法解析的外部符號 __imp___glutCreateWindowWithExit
main.obj : error LNK2001: 無法解析的外部符號 __imp_glutMouseFunc
main.obj : error LNK2001: 無法解析的外部符號 __imp___glutInitWithExit
main.obj : error LNK2001: 無法解析的外部符號 __imp_glutAddMenuEntry
main.obj : error LNK2001: 無法解析的外部符號 __imp_glutAttachMenu
main.obj : error LNK2001: 無法解析的外部符號 __imp_glutAddSubMenu
main.obj : error LNK2001: 無法解析的外部符號 __imp_glutPostRedisplay
main.obj : error LNK2001: 無法解析的外部符號 __imp_glutKeyboardFunc
main.obj : error LNK2001: 無法解析的外部符號 __imp___glutCreateMenuWithExit
main.obj : error LNK2001: 無法解析的外部符號 __imp_glutInitDisplayMode
main.obj : error LNK2001: 無法解析的外部符號 __imp_glutTimerFunc
main.obj : error LNK2001: 無法解析的外部符號 __imp_glutDisplayFunc
main.obj : error LNK2001: 無法解析的外部符號 __imp_glutMainLoop
main.obj : error LNK2001: 無法解析的外部符號 __imp_glutInitWindowPosition
main.obj : error LNK2001: 無法解析的外部符號 __imp_glutMotionFunc
main.obj : error LNK2001: 無法解析的外部符號 __imp_glutGet
main.obj : error LNK2001: 無法解析的外部符號 __imp_glutInitWindowSize
main.obj : error LNK2001: 無法解析的外部符號 __imp_glewInit
main.obj : error LNK2001: 無法解析的外部符號 __imp_glutSwapBuffers
MyModel.obj : error LNK2001: 無法解析的外部符號 __imp___glewBufferSubData
MyModel.obj : error LNK2001: 無法解析的外部符號 __imp___glewVertexAttribDivisor
MyModel.obj : error LNK2001: 無法解析的外部符號 __imp___glewDrawElementsInstanced
Shader.obj : error LNK2001: 無法解析的外部符號 __imp___glewUseProgram
Shader.obj : error LNK2001: 無法解析的外部符號 __imp___glewCompileShader
Shader.obj : error LNK2001: 無法解析的外部符號 __imp___glewCreateShader
Shader.obj : error LNK2001: 無法解析的外部符號 __imp___glewCreateProgram
Shader.obj : error LNK2001: 無法解析的外部符號 __imp___glewAttachShader
Shader.obj : error LNK2001: 無法解析的外部符號 __imp___glewDeleteProgram
Shader.obj : error LNK2001: 無法解析的外部符號 __imp___glewShaderSource
Shader.obj : error LNK2001: 無法解析的外部符號 __imp___glewDetachShader
Shader.obj : error LNK2001: 無法解析的外部符號 __imp___glewDeleteShader
Shader.obj : error LNK2001: 無法解析的外部符號 __imp___glewLinkProgram
D:\C++\Quiz\new Project1\VC14\Cubemap\..\..\Assets\Cubemap.exe : fatal error LNK1120: 63 個無法解析的外部符號
