d:\c++\quiz\new project1\vc14\cubemap\x64\release\vc141.pdb
d:\c++\quiz\new project1\vc14\cubemap\x64\release\viewmanager.obj
d:\c++\quiz\new project1\vc14\cubemap\x64\release\tiny_obj_loader.obj
d:\c++\quiz\new project1\vc14\cubemap\x64\release\shaderobject.obj
d:\c++\quiz\new project1\vc14\cubemap\x64\release\resourcepath.obj
d:\c++\quiz\new project1\vc14\cubemap\x64\release\shader.obj
d:\c++\quiz\new project1\vc14\cubemap\x64\release\mymodel.obj
d:\c++\quiz\new project1\vc14\cubemap\x64\release\main.obj
d:\c++\quiz\new project1\vc14\cubemap\x64\release\light.obj
d:\c++\quiz\new project1\vc14\cubemap\x64\release\framebuffershader.obj
d:\c++\quiz\new project1\vc14\cubemap\x64\release\drawmodelshader.obj
d:\c++\quiz\new project1\vc14\cubemap\x64\release\cubemapshader.obj
d:\c++\quiz\new project1\vc14\cubemap\x64\release\common.obj
d:\c++\quiz\new project1\vc14\cubemap\..\..\assets\cubemap.pdb
d:\c++\quiz\new project1\vc14\cubemap\..\..\assets\cubemap.ilk
d:\c++\quiz\new project1\vc14\cubemap\x64\release\cubemap.tlog\cl.command.1.tlog
d:\c++\quiz\new project1\vc14\cubemap\x64\release\cubemap.tlog\cl.read.1.tlog
d:\c++\quiz\new project1\vc14\cubemap\x64\release\cubemap.tlog\cl.write.1.tlog
d:\c++\quiz\new project1\vc14\cubemap\x64\release\cubemap.tlog\link.command.1.tlog
d:\c++\quiz\new project1\vc14\cubemap\x64\release\cubemap.tlog\link.read.1.tlog
d:\c++\quiz\new project1\vc14\cubemap\x64\release\cubemap.tlog\link.write.1.tlog
